CRITICAL - 2021-06-24 00:02:23 --> Call to undefined method App\Models\ContieneModel::delete_all
#0 C:\xampp\htdocs\iteencargo\app\Controllers\Admin\Pedidos.php(68): CodeIgniter\Model->__call('delete_all', Array)
#1 C:\xampp\htdocs\iteencargo\system\CodeIgniter.php(931): App\Controllers\Admin\Pedidos->delete_all()
#2 C:\xampp\htdocs\iteencargo\system\CodeIgniter.php(439): CodeIgniter\CodeIgniter->runController(Object(App\Controllers\Admin\Pedidos))
#3 C:\xampp\htdocs\iteencargo\system\CodeIgniter.php(339): CodeIgniter\CodeIgniter->handleRequest(NULL, Object(Config\Cache), false)
#4 C:\xampp\htdocs\iteencargo\public\index.php(36): CodeIgniter\CodeIgniter->run()
#5 {main}
ERROR - 2021-06-24 07:24:03 --> Error connecting to the database: Unknown database 'restaurante_iteencargo'
CRITICAL - 2021-06-24 07:24:03 --> Unable to connect to the database.
Main connection [MySQLi]: Unknown database 'restaurante_iteencargo'
#0 /opt/lampp/htdocs/iteencargo/system/Database/BaseConnection.php(625): CodeIgniter\Database\BaseConnection->initialize()
#1 /opt/lampp/htdocs/iteencargo/system/Database/BaseBuilder.php(1881): CodeIgniter\Database\BaseConnection->query('SELECT *\nFROM `...', Array, false)
#2 /opt/lampp/htdocs/iteencargo/system/Model.php(197): CodeIgniter\Database\BaseBuilder->get()
#3 /opt/lampp/htdocs/iteencargo/system/BaseModel.php(603): CodeIgniter\Model->doFindAll(0, 0)
#4 /opt/lampp/htdocs/iteencargo/app/Controllers/Cliente/Menu.php(32): CodeIgniter\BaseModel->findAll()
#5 /opt/lampp/htdocs/iteencargo/system/CodeIgniter.php(931): App\Controllers\Cliente\Menu->index()
#6 /opt/lampp/htdocs/iteencargo/system/CodeIgniter.php(439): CodeIgniter\CodeIgniter->runController(Object(App\Controllers\Cliente\Menu))
#7 /opt/lampp/htdocs/iteencargo/system/CodeIgniter.php(339): CodeIgniter\CodeIgniter->handleRequest(NULL, Object(Config\Cache), false)
#8 /opt/lampp/htdocs/iteencargo/public/index.php(36): CodeIgniter\CodeIgniter->run()
#9 {main}
CRITICAL - 2021-06-24 09:04:29 --> Undefined variable: mesas
#0 /opt/lampp/htdocs/iteencargo/app/Views/admin/home.php(10): CodeIgniter\Debug\Exceptions->errorHandler(8, 'Undefined varia...', '/opt/lampp/htdo...', 10, Array)
#1 /opt/lampp/htdocs/iteencargo/system/View/View.php(230): include('/opt/lampp/htdo...')
#2 /opt/lampp/htdocs/iteencargo/system/View/View.php(232): CodeIgniter\View\View->CodeIgniter\View\{closure}()
#3 /opt/lampp/htdocs/iteencargo/system/Common.php(1250): CodeIgniter\View\View->render('admin/home', Array, true)
#4 /opt/lampp/htdocs/iteencargo/app/Controllers/Admin/Home.php(22): view('admin/home')
#5 /opt/lampp/htdocs/iteencargo/system/CodeIgniter.php(931): App\Controllers\Admin\Home->index()
#6 /opt/lampp/htdocs/iteencargo/system/CodeIgniter.php(439): CodeIgniter\CodeIgniter->runController(Object(App\Controllers\Admin\Home))
#7 /opt/lampp/htdocs/iteencargo/system/CodeIgniter.php(339): CodeIgniter\CodeIgniter->handleRequest(NULL, Object(Config\Cache), false)
#8 /opt/lampp/htdocs/iteencargo/public/index.php(36): CodeIgniter\CodeIgniter->run()
#9 {main}
