CRITICAL - 2021-06-14 09:28:54 --> Undefined variable: total_p
#0 /opt/lampp/htdocs/rbduardo-restaurant/app/Views/layout/header.php(4): CodeIgniter\Debug\Exceptions->errorHandler(8, 'Undefined varia...', '/opt/lampp/htdo...', 4, Array)
#1 /opt/lampp/htdocs/rbduardo-restaurant/system/View/View.php(230): include('/opt/lampp/htdo...')
#2 /opt/lampp/htdocs/rbduardo-restaurant/system/View/View.php(232): CodeIgniter\View\View->CodeIgniter\View\{closure}()
#3 /opt/lampp/htdocs/rbduardo-restaurant/system/View/View.php(487): CodeIgniter\View\View->render('layout/header', NULL, true)
#4 /opt/lampp/htdocs/rbduardo-restaurant/app/Views/layout/main.php(18): CodeIgniter\View\View->include('layout/header')
#5 /opt/lampp/htdocs/rbduardo-restaurant/system/View/View.php(230): include('/opt/lampp/htdo...')
#6 /opt/lampp/htdocs/rbduardo-restaurant/system/View/View.php(232): CodeIgniter\View\View->CodeIgniter\View\{closure}()
#7 /opt/lampp/htdocs/rbduardo-restaurant/system/View/View.php(246): CodeIgniter\View\View->render('layout/main', Array, true)
#8 /opt/lampp/htdocs/rbduardo-restaurant/system/Common.php(1250): CodeIgniter\View\View->render('cliente/about', Array, true)
#9 /opt/lampp/htdocs/rbduardo-restaurant/app/Controllers/Cliente/About.php(13): view('cliente/about')
#10 /opt/lampp/htdocs/rbduardo-restaurant/system/CodeIgniter.php(931): App\Controllers\Cliente\About->index()
#11 /opt/lampp/htdocs/rbduardo-restaurant/system/CodeIgniter.php(439): CodeIgniter\CodeIgniter->runController(Object(App\Controllers\Cliente\About))
#12 /opt/lampp/htdocs/rbduardo-restaurant/system/CodeIgniter.php(339): CodeIgniter\CodeIgniter->handleRequest(NULL, Object(Config\Cache), false)
#13 /opt/lampp/htdocs/rbduardo-restaurant/public/index.php(36): CodeIgniter\CodeIgniter->run()
#14 {main}
ERROR - 2021-06-14 12:44:14 --> You have an error in your SQL syntax; check the manual that corresponds to your MariaDB server version for the right syntax to use near 'TABLE mesa SET ocupado = 1 WHERE idMesa = 1' at line 1
ERROR - 2021-06-14 12:45:16 --> You have an error in your SQL syntax; check the manual that corresponds to your MariaDB server version for the right syntax to use near 'TABLE mesa SET ocupado = 1 WHERE idMesa = 1' at line 1
ERROR - 2021-06-14 12:45:43 --> You have an error in your SQL syntax; check the manual that corresponds to your MariaDB server version for the right syntax to use near 'TABLE mesa SET ocupado = 1 WHERE idMesa = 1' at line 1
CRITICAL - 2021-06-14 14:51:53 --> Array to string conversion
#0 /opt/lampp/htdocs/rbduardo-restaurant/app/Controllers/Cliente/Home.php(30): CodeIgniter\Debug\Exceptions->errorHandler(8, 'Array to string...', '/opt/lampp/htdo...', 30, Array)
#1 /opt/lampp/htdocs/rbduardo-restaurant/system/CodeIgniter.php(931): App\Controllers\Cliente\Home->setMesa('1')
#2 /opt/lampp/htdocs/rbduardo-restaurant/system/CodeIgniter.php(439): CodeIgniter\CodeIgniter->runController(Object(App\Controllers\Cliente\Home))
#3 /opt/lampp/htdocs/rbduardo-restaurant/system/CodeIgniter.php(339): CodeIgniter\CodeIgniter->handleRequest(NULL, Object(Config\Cache), false)
#4 /opt/lampp/htdocs/rbduardo-restaurant/public/index.php(36): CodeIgniter\CodeIgniter->run()
#5 {main}
CRITICAL - 2021-06-14 14:52:08 --> Object of class stdClass could not be converted to string
#0 /opt/lampp/htdocs/rbduardo-restaurant/system/CodeIgniter.php(931): App\Controllers\Cliente\Home->setMesa('1')
#1 /opt/lampp/htdocs/rbduardo-restaurant/system/CodeIgniter.php(439): CodeIgniter\CodeIgniter->runController(Object(App\Controllers\Cliente\Home))
#2 /opt/lampp/htdocs/rbduardo-restaurant/system/CodeIgniter.php(339): CodeIgniter\CodeIgniter->handleRequest(NULL, Object(Config\Cache), false)
#3 /opt/lampp/htdocs/rbduardo-restaurant/public/index.php(36): CodeIgniter\CodeIgniter->run()
#4 {main}
CRITICAL - 2021-06-14 14:57:28 --> Undefined property: App\Controllers\Cliente\Carrito::$mesa
#0 /opt/lampp/htdocs/rbduardo-restaurant/app/Controllers/Cliente/Carrito.php(34): CodeIgniter\Debug\Exceptions->errorHandler(8, 'Undefined prope...', '/opt/lampp/htdo...', 34, Array)
#1 /opt/lampp/htdocs/rbduardo-restaurant/system/CodeIgniter.php(931): App\Controllers\Cliente\Carrito->index()
#2 /opt/lampp/htdocs/rbduardo-restaurant/system/CodeIgniter.php(439): CodeIgniter\CodeIgniter->runController(Object(App\Controllers\Cliente\Carrito))
#3 /opt/lampp/htdocs/rbduardo-restaurant/system/CodeIgniter.php(339): CodeIgniter\CodeIgniter->handleRequest(NULL, Object(Config\Cache), false)
#4 /opt/lampp/htdocs/rbduardo-restaurant/public/index.php(36): CodeIgniter\CodeIgniter->run()
#5 {main}
CRITICAL - 2021-06-14 18:11:40 --> Undefined index: PEDIDO
#0 /opt/lampp/htdocs/rbduardo-restaurant/app/Controllers/BaseController.php(66): CodeIgniter\Debug\Exceptions->errorHandler(8, 'Undefined index...', '/opt/lampp/htdo...', 66, Array)
#1 /opt/lampp/htdocs/rbduardo-restaurant/app/Controllers/Cliente/Home.php(16): App\Controllers\BaseController->total_products()
#2 /opt/lampp/htdocs/rbduardo-restaurant/system/CodeIgniter.php(931): App\Controllers\Cliente\Home->index()
#3 /opt/lampp/htdocs/rbduardo-restaurant/system/CodeIgniter.php(439): CodeIgniter\CodeIgniter->runController(Object(App\Controllers\Cliente\Home))
#4 /opt/lampp/htdocs/rbduardo-restaurant/system/CodeIgniter.php(339): CodeIgniter\CodeIgniter->handleRequest(NULL, Object(Config\Cache), false)
#5 /opt/lampp/htdocs/rbduardo-restaurant/public/index.php(36): CodeIgniter\CodeIgniter->run()
#6 {main}
CRITICAL - 2021-06-14 18:21:28 --> Undefined index: PEDIDO
#0 /opt/lampp/htdocs/rbduardo-restaurant/app/Controllers/BaseController.php(66): CodeIgniter\Debug\Exceptions->errorHandler(8, 'Undefined index...', '/opt/lampp/htdo...', 66, Array)
#1 /opt/lampp/htdocs/rbduardo-restaurant/app/Controllers/Cliente/Home.php(16): App\Controllers\BaseController->total_products()
#2 /opt/lampp/htdocs/rbduardo-restaurant/system/CodeIgniter.php(931): App\Controllers\Cliente\Home->index()
#3 /opt/lampp/htdocs/rbduardo-restaurant/system/CodeIgniter.php(439): CodeIgniter\CodeIgniter->runController(Object(App\Controllers\Cliente\Home))
#4 /opt/lampp/htdocs/rbduardo-restaurant/system/CodeIgniter.php(339): CodeIgniter\CodeIgniter->handleRequest(NULL, Object(Config\Cache), false)
#5 /opt/lampp/htdocs/rbduardo-restaurant/public/index.php(36): CodeIgniter\CodeIgniter->run()
#6 {main}
CRITICAL - 2021-06-14 18:25:16 --> Undefined index: PEDIDO
#0 /opt/lampp/htdocs/rbduardo-restaurant/app/Controllers/BaseController.php(66): CodeIgniter\Debug\Exceptions->errorHandler(8, 'Undefined index...', '/opt/lampp/htdo...', 66, Array)
#1 /opt/lampp/htdocs/rbduardo-restaurant/app/Controllers/Cliente/Home.php(20): App\Controllers\BaseController->total_products()
#2 /opt/lampp/htdocs/rbduardo-restaurant/system/CodeIgniter.php(931): App\Controllers\Cliente\Home->index()
#3 /opt/lampp/htdocs/rbduardo-restaurant/system/CodeIgniter.php(439): CodeIgniter\CodeIgniter->runController(Object(App\Controllers\Cliente\Home))
#4 /opt/lampp/htdocs/rbduardo-restaurant/system/CodeIgniter.php(339): CodeIgniter\CodeIgniter->handleRequest(NULL, Object(Config\Cache), false)
#5 /opt/lampp/htdocs/rbduardo-restaurant/public/index.php(36): CodeIgniter\CodeIgniter->run()
#6 {main}
CRITICAL - 2021-06-14 18:25:31 --> Undefined index: PEDIDO
#0 /opt/lampp/htdocs/rbduardo-restaurant/app/Controllers/BaseController.php(66): CodeIgniter\Debug\Exceptions->errorHandler(8, 'Undefined index...', '/opt/lampp/htdo...', 66, Array)
#1 /opt/lampp/htdocs/rbduardo-restaurant/app/Controllers/Cliente/Home.php(20): App\Controllers\BaseController->total_products()
#2 /opt/lampp/htdocs/rbduardo-restaurant/system/CodeIgniter.php(931): App\Controllers\Cliente\Home->index()
#3 /opt/lampp/htdocs/rbduardo-restaurant/system/CodeIgniter.php(439): CodeIgniter\CodeIgniter->runController(Object(App\Controllers\Cliente\Home))
#4 /opt/lampp/htdocs/rbduardo-restaurant/system/CodeIgniter.php(339): CodeIgniter\CodeIgniter->handleRequest(NULL, Object(Config\Cache), false)
#5 /opt/lampp/htdocs/rbduardo-restaurant/public/index.php(36): CodeIgniter\CodeIgniter->run()
#6 {main}
CRITICAL - 2021-06-14 18:25:57 --> Undefined index: PEDIDO
#0 /opt/lampp/htdocs/rbduardo-restaurant/app/Controllers/BaseController.php(66): CodeIgniter\Debug\Exceptions->errorHandler(8, 'Undefined index...', '/opt/lampp/htdo...', 66, Array)
#1 /opt/lampp/htdocs/rbduardo-restaurant/app/Controllers/Cliente/Home.php(20): App\Controllers\BaseController->total_products()
#2 /opt/lampp/htdocs/rbduardo-restaurant/system/CodeIgniter.php(931): App\Controllers\Cliente\Home->index()
#3 /opt/lampp/htdocs/rbduardo-restaurant/system/CodeIgniter.php(439): CodeIgniter\CodeIgniter->runController(Object(App\Controllers\Cliente\Home))
#4 /opt/lampp/htdocs/rbduardo-restaurant/system/CodeIgniter.php(339): CodeIgniter\CodeIgniter->handleRequest(NULL, Object(Config\Cache), false)
#5 /opt/lampp/htdocs/rbduardo-restaurant/public/index.php(36): CodeIgniter\CodeIgniter->run()
#6 {main}
