CRITICAL - 2021-06-19 17:58:57 --> Failed to listen on "tcp://0.0.0.0:8080": Address already in use
#0 /opt/lampp/htdocs/rbduardo/vendor/react/socket/src/Server.php(36): React\Socket\TcpServer->__construct()
#1 /opt/lampp/htdocs/rbduardo/vendor/cboden/ratchet/src/Ratchet/Server/IoServer.php(59): React\Socket\Server->__construct()
#2 /opt/lampp/htdocs/rbduardo/app/Controllers/Server.php(25): Ratchet\Server\IoServer::factory()
#3 /opt/lampp/htdocs/rbduardo/system/CodeIgniter.php(931): App\Controllers\Server->index()
#4 /opt/lampp/htdocs/rbduardo/system/CodeIgniter.php(439): CodeIgniter\CodeIgniter->runController()
#5 /opt/lampp/htdocs/rbduardo/system/CodeIgniter.php(339): CodeIgniter\CodeIgniter->handleRequest()
#6 /opt/lampp/htdocs/rbduardo/public/index.php(36): CodeIgniter\CodeIgniter->run()
#7 {main}
CRITICAL - 2021-06-19 17:59:00 --> Failed to listen on "tcp://0.0.0.0:8080": Address already in use
#0 /opt/lampp/htdocs/rbduardo/vendor/react/socket/src/Server.php(36): React\Socket\TcpServer->__construct()
#1 /opt/lampp/htdocs/rbduardo/vendor/cboden/ratchet/src/Ratchet/Server/IoServer.php(59): React\Socket\Server->__construct()
#2 /opt/lampp/htdocs/rbduardo/app/Controllers/Server.php(25): Ratchet\Server\IoServer::factory()
#3 /opt/lampp/htdocs/rbduardo/system/CodeIgniter.php(931): App\Controllers\Server->index()
#4 /opt/lampp/htdocs/rbduardo/system/CodeIgniter.php(439): CodeIgniter\CodeIgniter->runController()
#5 /opt/lampp/htdocs/rbduardo/system/CodeIgniter.php(339): CodeIgniter\CodeIgniter->handleRequest()
#6 /opt/lampp/htdocs/rbduardo/public/index.php(36): CodeIgniter\CodeIgniter->run()
#7 {main}
CRITICAL - 2021-06-19 17:59:27 --> Object of class Ratchet\WebSocket\WsConnection could not be converted to string
#0 /opt/lampp/htdocs/rbduardo/vendor/cboden/ratchet/src/Ratchet/WebSocket/WsServer.php(75): App\Libraries\Mensaje->onMessage()
#1 /opt/lampp/htdocs/rbduardo/vendor/cboden/ratchet/src/Ratchet/WebSocket/WsServer.php(131): Ratchet\WebSocket\WsServer->Ratchet\WebSocket\{closure}()
#2 /opt/lampp/htdocs/rbduardo/vendor/ratchet/rfc6455/src/Messaging/MessageBuffer.php(248): Ratchet\WebSocket\WsServer->Ratchet\WebSocket\{closure}()
#3 /opt/lampp/htdocs/rbduardo/vendor/ratchet/rfc6455/src/Messaging/MessageBuffer.php(194): Ratchet\RFC6455\Messaging\MessageBuffer->processData()
#4 /opt/lampp/htdocs/rbduardo/vendor/cboden/ratchet/src/Ratchet/WebSocket/WsServer.php(153): Ratchet\RFC6455\Messaging\MessageBuffer->onData()
#5 /opt/lampp/htdocs/rbduardo/vendor/cboden/ratchet/src/Ratchet/Http/HttpServer.php(54): Ratchet\WebSocket\WsServer->onMessage()
#6 /opt/lampp/htdocs/rbduardo/vendor/cboden/ratchet/src/Ratchet/Server/IoServer.php(112): Ratchet\Http\HttpServer->onMessage()
#7 /opt/lampp/htdocs/rbduardo/vendor/cboden/ratchet/src/Ratchet/Server/IoServer.php(95): Ratchet\Server\IoServer->handleData()
#8 /opt/lampp/htdocs/rbduardo/vendor/evenement/evenement/src/Evenement/EventEmitterTrait.php(123): Ratchet\Server\IoServer->Ratchet\Server\{closure}()
#9 /opt/lampp/htdocs/rbduardo/vendor/react/stream/src/Util.php(71): Evenement\EventEmitter->emit()
#10 /opt/lampp/htdocs/rbduardo/vendor/evenement/evenement/src/Evenement/EventEmitterTrait.php(123): React\Stream\Util::React\Stream\{closure}()
#11 /opt/lampp/htdocs/rbduardo/vendor/react/stream/src/DuplexResourceStream.php(193): Evenement\EventEmitter->emit()
#12 /opt/lampp/htdocs/rbduardo/vendor/react/event-loop/src/StreamSelectLoop.php(245): React\Stream\DuplexResourceStream->handleData()
#13 /opt/lampp/htdocs/rbduardo/vendor/react/event-loop/src/StreamSelectLoop.php(212): React\EventLoop\StreamSelectLoop->waitForStreamActivity()
#14 /opt/lampp/htdocs/rbduardo/vendor/cboden/ratchet/src/Ratchet/Server/IoServer.php(74): React\EventLoop\StreamSelectLoop->run()
#15 /opt/lampp/htdocs/rbduardo/app/Controllers/Server.php(28): Ratchet\Server\IoServer->run()
#16 /opt/lampp/htdocs/rbduardo/system/CodeIgniter.php(931): App\Controllers\Server->index()
#17 /opt/lampp/htdocs/rbduardo/system/CodeIgniter.php(439): CodeIgniter\CodeIgniter->runController()
#18 /opt/lampp/htdocs/rbduardo/system/CodeIgniter.php(339): CodeIgniter\CodeIgniter->handleRequest()
#19 /opt/lampp/htdocs/rbduardo/public/index.php(36): CodeIgniter\CodeIgniter->run()
#20 {main}
CRITICAL - 2021-06-19 17:59:53 --> Object of class Ratchet\WebSocket\WsConnection could not be converted to string
#0 /opt/lampp/htdocs/rbduardo/vendor/cboden/ratchet/src/Ratchet/WebSocket/WsServer.php(75): App\Libraries\Mensaje->onMessage()
#1 /opt/lampp/htdocs/rbduardo/vendor/cboden/ratchet/src/Ratchet/WebSocket/WsServer.php(131): Ratchet\WebSocket\WsServer->Ratchet\WebSocket\{closure}()
#2 /opt/lampp/htdocs/rbduardo/vendor/ratchet/rfc6455/src/Messaging/MessageBuffer.php(248): Ratchet\WebSocket\WsServer->Ratchet\WebSocket\{closure}()
#3 /opt/lampp/htdocs/rbduardo/vendor/ratchet/rfc6455/src/Messaging/MessageBuffer.php(194): Ratchet\RFC6455\Messaging\MessageBuffer->processData()
#4 /opt/lampp/htdocs/rbduardo/vendor/cboden/ratchet/src/Ratchet/WebSocket/WsServer.php(153): Ratchet\RFC6455\Messaging\MessageBuffer->onData()
#5 /opt/lampp/htdocs/rbduardo/vendor/cboden/ratchet/src/Ratchet/Http/HttpServer.php(54): Ratchet\WebSocket\WsServer->onMessage()
#6 /opt/lampp/htdocs/rbduardo/vendor/cboden/ratchet/src/Ratchet/Server/IoServer.php(112): Ratchet\Http\HttpServer->onMessage()
#7 /opt/lampp/htdocs/rbduardo/vendor/cboden/ratchet/src/Ratchet/Server/IoServer.php(95): Ratchet\Server\IoServer->handleData()
#8 /opt/lampp/htdocs/rbduardo/vendor/evenement/evenement/src/Evenement/EventEmitterTrait.php(123): Ratchet\Server\IoServer->Ratchet\Server\{closure}()
#9 /opt/lampp/htdocs/rbduardo/vendor/react/stream/src/Util.php(71): Evenement\EventEmitter->emit()
#10 /opt/lampp/htdocs/rbduardo/vendor/evenement/evenement/src/Evenement/EventEmitterTrait.php(123): React\Stream\Util::React\Stream\{closure}()
#11 /opt/lampp/htdocs/rbduardo/vendor/react/stream/src/DuplexResourceStream.php(193): Evenement\EventEmitter->emit()
#12 /opt/lampp/htdocs/rbduardo/vendor/react/event-loop/src/StreamSelectLoop.php(245): React\Stream\DuplexResourceStream->handleData()
#13 /opt/lampp/htdocs/rbduardo/vendor/react/event-loop/src/StreamSelectLoop.php(212): React\EventLoop\StreamSelectLoop->waitForStreamActivity()
#14 /opt/lampp/htdocs/rbduardo/vendor/cboden/ratchet/src/Ratchet/Server/IoServer.php(74): React\EventLoop\StreamSelectLoop->run()
#15 /opt/lampp/htdocs/rbduardo/app/Controllers/Server.php(28): Ratchet\Server\IoServer->run()
#16 /opt/lampp/htdocs/rbduardo/system/CodeIgniter.php(931): App\Controllers\Server->index()
#17 /opt/lampp/htdocs/rbduardo/system/CodeIgniter.php(439): CodeIgniter\CodeIgniter->runController()
#18 /opt/lampp/htdocs/rbduardo/system/CodeIgniter.php(339): CodeIgniter\CodeIgniter->handleRequest()
#19 /opt/lampp/htdocs/rbduardo/public/index.php(36): CodeIgniter\CodeIgniter->run()
#20 {main}
CRITICAL - 2021-06-19 21:07:50 --> strlen(): Argument #1 ($string) must be of type string, array given
#0 /opt/lampp/htdocs/rbduardo/vendor/ratchet/rfc6455/src/Messaging/Frame.php(85): strlen()
#1 /opt/lampp/htdocs/rbduardo/vendor/cboden/ratchet/src/Ratchet/WebSocket/WsConnection.php(18): Ratchet\RFC6455\Messaging\Frame->__construct()
#2 /opt/lampp/htdocs/rbduardo/app/Libraries/Mensaje.php(76): Ratchet\WebSocket\WsConnection->send()
#3 /opt/lampp/htdocs/rbduardo/vendor/cboden/ratchet/src/Ratchet/WebSocket/WsServer.php(75): App\Libraries\Mensaje->onMessage()
#4 /opt/lampp/htdocs/rbduardo/vendor/cboden/ratchet/src/Ratchet/WebSocket/WsServer.php(131): Ratchet\WebSocket\WsServer->Ratchet\WebSocket\{closure}()
#5 /opt/lampp/htdocs/rbduardo/vendor/ratchet/rfc6455/src/Messaging/MessageBuffer.php(248): Ratchet\WebSocket\WsServer->Ratchet\WebSocket\{closure}()
#6 /opt/lampp/htdocs/rbduardo/vendor/ratchet/rfc6455/src/Messaging/MessageBuffer.php(194): Ratchet\RFC6455\Messaging\MessageBuffer->processData()
#7 /opt/lampp/htdocs/rbduardo/vendor/cboden/ratchet/src/Ratchet/WebSocket/WsServer.php(153): Ratchet\RFC6455\Messaging\MessageBuffer->onData()
#8 /opt/lampp/htdocs/rbduardo/vendor/cboden/ratchet/src/Ratchet/Http/HttpServer.php(54): Ratchet\WebSocket\WsServer->onMessage()
#9 /opt/lampp/htdocs/rbduardo/vendor/cboden/ratchet/src/Ratchet/Server/IoServer.php(112): Ratchet\Http\HttpServer->onMessage()
#10 /opt/lampp/htdocs/rbduardo/vendor/cboden/ratchet/src/Ratchet/Server/IoServer.php(95): Ratchet\Server\IoServer->handleData()
#11 /opt/lampp/htdocs/rbduardo/vendor/evenement/evenement/src/Evenement/EventEmitterTrait.php(123): Ratchet\Server\IoServer->Ratchet\Server\{closure}()
#12 /opt/lampp/htdocs/rbduardo/vendor/react/stream/src/Util.php(71): Evenement\EventEmitter->emit()
#13 /opt/lampp/htdocs/rbduardo/vendor/evenement/evenement/src/Evenement/EventEmitterTrait.php(123): React\Stream\Util::React\Stream\{closure}()
#14 /opt/lampp/htdocs/rbduardo/vendor/react/stream/src/DuplexResourceStream.php(193): Evenement\EventEmitter->emit()
#15 /opt/lampp/htdocs/rbduardo/vendor/react/event-loop/src/StreamSelectLoop.php(245): React\Stream\DuplexResourceStream->handleData()
#16 /opt/lampp/htdocs/rbduardo/vendor/react/event-loop/src/StreamSelectLoop.php(212): React\EventLoop\StreamSelectLoop->waitForStreamActivity()
#17 /opt/lampp/htdocs/rbduardo/vendor/cboden/ratchet/src/Ratchet/Server/IoServer.php(74): React\EventLoop\StreamSelectLoop->run()
#18 /opt/lampp/htdocs/rbduardo/app/Controllers/Server.php(28): Ratchet\Server\IoServer->run()
#19 /opt/lampp/htdocs/rbduardo/system/CodeIgniter.php(931): App\Controllers\Server->index()
#20 /opt/lampp/htdocs/rbduardo/system/CodeIgniter.php(439): CodeIgniter\CodeIgniter->runController()
#21 /opt/lampp/htdocs/rbduardo/system/CodeIgniter.php(339): CodeIgniter\CodeIgniter->handleRequest()
#22 /opt/lampp/htdocs/rbduardo/public/index.php(36): CodeIgniter\CodeIgniter->run()
#23 {main}
